\BOOKMARK [1][-]{section.1}{\376\377\000I\000n\000t\000r\000o\000d\000u\000c\000t\000i\000o\000n\000\040\000a\000n\000d\000\040\000f\000a\000s\000t\000\040\000R\000e\000q\000u\000i\000r\000e\000m\000e\000n\000t\000\040\000A\000n\000a\000l\000y\000s\000i\000s}{}% 1
\BOOKMARK [2][-]{subsection.1.1}{\376\377\000M\000a\000i\000n\000\040\000u\000s\000e\000r\000\040\000s\000t\000o\000r\000y}{section.1}% 2
\BOOKMARK [2][-]{subsection.1.2}{\376\377\000M\000a\000i\000n\000\040\000o\000v\000e\000r\000v\000i\000e\000w\000\040\000o\000f\000\040\000t\000h\000e\000\040\000a\000r\000c\000h\000i\000t\000e\000c\000t\000u\000r\000e\000\040\000o\000f\000\040\000t\000h\000e\000\040\000s\000y\000s\000t\000e\000m}{section.1}% 3
\BOOKMARK [2][-]{subsection.1.3}{\376\377\000C\000o\000d\000e\000\040\000a\000v\000a\000i\000l\000a\000b\000i\000l\000i\000t\000y}{section.1}% 4
\BOOKMARK [1][-]{section.2}{\376\377\000F\000a\000s\000t\000\040\000p\000r\000o\000b\000l\000e\000m\000\040\000a\000n\000a\000l\000y\000s\000i\000s}{}% 5
\BOOKMARK [2][-]{subsection.2.1}{\376\377\000C\000o\000n\000n\000e\000c\000t\000i\000o\000n\000\040\000b\000e\000t\000w\000e\000e\000n\000\040\000A\000n\000d\000r\000o\000i\000d\000\040\000a\000n\000d\000\040\000A\000r\000d\000u\000i\000n\000o\000\134\000R\000a\000s\000p\000b\000e\000r\000r\000y}{section.2}% 6
\BOOKMARK [3][-]{subsubsection.2.1.1}{\376\377\000T\000h\000e\000\040\000p\000r\000o\000b\000l\000e\000m\000\040\000o\000f\000\040\000t\000h\000e\000\040\000r\000o\000b\000o\000t\000\040\000p\000r\000o\000x\000i\000m\000i\000t\000y}{subsection.2.1}% 7
\BOOKMARK [2][-]{subsection.2.2}{\376\377\000T\000h\000e\000\040\000p\000r\000o\000b\000l\000e\000m\000\040\000o\000f\000\040\000t\000h\000e\000\040\000l\000o\000c\000a\000t\000i\000o\000n}{section.2}% 8
\BOOKMARK [2][-]{subsection.2.3}{\376\377\000T\000o\000w\000a\000r\000d\000s\000\040\000A\000c\000t\000o\000r\000\040\000M\000o\000d\000e\000l\000i\000n\000g}{section.2}% 9
\BOOKMARK [3][-]{subsubsection.2.3.1}{\376\377\000R\000u\000n\000n\000i\000n\000g\000\040\000Q\000A\000K\000\040\000i\000n\000f\000r\000a\000s\000t\000r\000u\000c\000t\000u\000r\000e\000\040\000u\000n\000d\000e\000r\000\040\000A\000n\000d\000r\000o\000i\000d}{subsection.2.3}% 10
\BOOKMARK [3][-]{subsubsection.2.3.2}{\376\377\000C\000o\000r\000o\000u\000t\000i\000n\000e\000s\000\040\000i\000n\000\040\000A\000n\000d\000r\000o\000i\000d\000\040\000w\000i\000t\000h\000\040\000V\000i\000e\000w\000M\000o\000d\000e\000l}{subsection.2.3}% 11
\BOOKMARK [3][-]{subsubsection.2.3.3}{\376\377\000F\000r\000o\000m\000\040\000C\000o\000r\000o\000u\000t\000i\000n\000e\000s\000\040\000t\000o\000\040\000Q\000A\000c\000t\000o\000r\000s}{subsection.2.3}% 12
\BOOKMARK [3][-]{subsubsection.2.3.4}{\376\377\000L\000o\000g\000i\000c\000a\000l\000\040\000a\000r\000c\000h\000i\000t\000e\000c\000t\000u\000r\000e}{subsection.2.3}% 13
\BOOKMARK [1][-]{section.3}{\376\377\000F\000a\000s\000t\000\040\000p\000r\000o\000j\000e\000c\000t}{}% 14
\BOOKMARK [2][-]{subsection.3.1}{\376\377\000P\000r\000o\000j\000e\000c\000t\000\040\000o\000f\000\040\000t\000h\000e\000\040\000B\000l\000u\000e\000t\000o\000o\000t\000h\000\040\000c\000o\000m\000m\000u\000n\000i\000c\000a\000t\000i\000o\000n\000s}{section.3}% 15
\BOOKMARK [2][-]{subsection.3.2}{\376\377\000P\000r\000o\000j\000e\000c\000t\000\040\000o\000f\000\040\000G\000A\000T\000T\000\040\000f\000u\000n\000c\000t\000i\000o\000n\000a\000l\000i\000t\000i\000e\000s}{section.3}% 16
\BOOKMARK [2][-]{subsection.3.3}{\376\377\000P\000r\000o\000j\000e\000c\000t\000\040\000o\000f\000\040\000p\000o\000s\000i\000t\000i\000o\000n\000i\000n\000g\000\040\000f\000u\000n\000c\000t\000i\000o\000n\000a\000l\000i\000t\000i\000e\000s}{section.3}% 17
\BOOKMARK [2][-]{subsection.3.4}{\376\377\000P\000r\000o\000j\000e\000c\000t\000\040\000o\000f\000\040\000G\000i\000t\000B\000e\000r\000t\000o\000A\000c\000t\000o\000r}{section.3}% 18
\BOOKMARK [2][-]{subsection.3.5}{\376\377\000P\000r\000o\000j\000e\000c\000t\000\040\000o\000f\000\040\000t\000h\000e\000\040\000m\000a\000i\000n\000\040\000a\000c\000t\000i\000v\000i\000t\000y}{section.3}% 19
\BOOKMARK [1][-]{section.4}{\376\377\000C\000o\000n\000c\000l\000u\000s\000i\000o\000n\000s}{}% 20
